Build started 02/10/2013 19:21:54.
     1>Project "C:\Users\Emanuel\Documents\GitHub\LAIG\Projecto 1\CGRA Application1\CGRA Application1\CGRA Application1.vcxproj" on node 2 (Build target(s)).
     1>ClCompile:
         C:\Program Files (x86)\Microsoft Visual Studio 11.0\VC\bin\CL.exe /c /IC:\Libraries\include /ZI /nologo /W3 /WX- /Od /Oy- /D _MBCS /Gm /EHsc /RTC1 /MDd /GS /fp:precise /Zc:wchar_t /Zc:forScope /Fo"Debug\\" /Fd"Debug\vc110.pdb" /Gd /TP /analyze- /errorReport:prompt Element.cpp
         Element.cpp
     1>c:\users\emanuel\documents\github\laig\projecto 1\cgra application1\cgra application1\element.cpp(39): error C2664: 'Lighting::Lighting(bool,bool,bool,float [])' : cannot convert parameter 4 from 'float' to 'float []'
     1>c:\users\emanuel\documents\github\laig\projecto 1\cgra application1\cgra application1\element.cpp(50): error C2664: 'Lighting::Lighting(bool,bool,bool,float [])' : cannot convert parameter 4 from 'float' to 'float []'
     1>c:\users\emanuel\documents\github\laig\projecto 1\cgra application1\cgra application1\element.cpp(51): fatal error C1075: end of file found before the left brace '{' at 'c:\users\emanuel\documents\github\laig\projecto 1\cgra application1\cgra application1\element.cpp(50)' was matched
     1>Done Building Project "C:\Users\Emanuel\Documents\GitHub\LAIG\Projecto 1\CGRA Application1\CGRA Application1\CGRA Application1.vcxproj" (Build target(s)) -- FAILED.

Build FAILED.

Time Elapsed 00:00:01.49
